<?xml version="1.0" encoding="UTF-8"?>
<testng-results ignored="0" total="1" passed="1" failed="0" skipped="0">
  <reporter-output>
  </reporter-output>
  <suite started-at="2022-09-03T11:57:10 ART" name="Default suite" finished-at="2022-09-03T11:57:19 ART" duration-ms="9056">
    <groups>
    </groups>
    <test started-at="2022-09-03T11:57:10 ART" name="Default test" finished-at="2022-09-03T11:57:19 ART" duration-ms="9056">
      <class name="com.EjercicioAutomatizacion.Ejercicio_Automatizacion">
        <test-method is-config="true" signature="setUp()[pri:0, instance:com.EjercicioAutomatizacion.Ejercicio_Automatizacion@2e55dd0c]" started-at="2022-09-03T11:57:10 ART" name="setUp" finished-at="2022-09-03T11:57:14 ART" duration-ms="3949" status="PASS">
          <reporter-output>
          </reporter-output>
        </test-method> <!-- setUp -->
        <test-method signature="testGooglePage()[pri:0, instance:com.EjercicioAutomatizacion.Ejercicio_Automatizacion@2e55dd0c]" started-at="2022-09-03T11:57:14 ART" name="testGooglePage" finished-at="2022-09-03T11:57:19 ART" duration-ms="4740" status="PASS">
          <reporter-output>
          </reporter-output>
        </test-method> <!-- testGooglePage -->
        <test-method is-config="true" signature="tearDown()[pri:0, instance:com.EjercicioAutomatizacion.Ejercicio_Automatizacion@2e55dd0c]" started-at="2022-09-03T11:57:19 ART" name="tearDown" finished-at="2022-09-03T11:57:19 ART" duration-ms="332" status="PASS">
          <reporter-output>
          </reporter-output>
        </test-method> <!-- tearDown -->
      </class> <!-- com.EjercicioAutomatizacion.Ejercicio_Automatizacion -->
    </test> <!-- Default test -->
  </suite> <!-- Default suite -->
</testng-results>
